<?xml version="1.0" encoding="UTF-8"?>
<testng-results skipped="0" failed="0" total="1" passed="1">
  <reporter-output>
  </reporter-output>
  <suite name="Default suite" duration-ms="53633" started-at="2021-04-13T10:38:49Z" finished-at="2021-04-13T10:39:43Z">
    <groups>
    </groups>
    <test name="Default test" duration-ms="53633" started-at="2021-04-13T10:38:49Z" finished-at="2021-04-13T10:39:43Z">
      <class name="org.test.AmazonBrowser">
        <test-method status="PASS" signature="beforeclass()[pri:0, instance:org.test.AmazonBrowser@7d417077]" name="beforeclass" is-config="true" duration-ms="36369" started-at="2021-04-13T16:08:49Z" finished-at="2021-04-13T16:09:26Z">
          <reporter-output>
          </reporter-output>
        </test-method> <!-- beforeclass -->
        <test-method status="PASS" signature="test1()[pri:0, instance:org.test.AmazonBrowser@7d417077]" name="test1" duration-ms="17145" started-at="2021-04-13T16:09:26Z" finished-at="2021-04-13T16:09:43Z">
          <reporter-output>
          </reporter-output>
        </test-method> <!-- test1 -->
      </class> <!-- org.test.AmazonBrowser -->
    </test> <!-- Default test -->
  </suite> <!-- Default suite -->
</testng-results>
